have_library: checking for socket() in -lsocket... -------------------- no

"cc -o conftest -I. -I/usr/lib/ruby/1.8/i486-linux -I.  -fno-strict-aliasing -g -g -O2  -fPIC conftest.c  -L"." -L"/usr/lib" -L"/usr/lib" -L.  -rdynamic -Wl,-export-dynamic     -lruby1.8-static -lsocket  -lpthread -ldl -lcrypt -lm   -lc"
conftest.c: In function ‘t’:
conftest.c:3: error: ‘socket’ undeclared (first use in this function)
conftest.c:3: error: (Each undeclared identifier is reported only once
conftest.c:3: error: for each function it appears in.)
checked program was:
/* begin */
1: /*top*/
2: int main() { return 0; }
3: int t() { void ((*volatile p)()); p = (void ((*)()))socket; return 0; }
/* end */

"cc -o conftest -I. -I/usr/lib/ruby/1.8/i486-linux -I.  -fno-strict-aliasing -g -g -O2  -fPIC conftest.c  -L"." -L"/usr/lib" -L"/usr/lib" -L.  -rdynamic -Wl,-export-dynamic     -lruby1.8-static -lsocket  -lpthread -ldl -lcrypt -lm   -lc"
/usr/bin/ld: cannot find -lsocket
collect2: ld returned 1 exit status
checked program was:
/* begin */
1: /*top*/
2: int main() { return 0; }
3: int t() { socket(); return 0; }
/* end */

--------------------

have_library: checking for gethostbyname() in -lnsl... -------------------- yes

"cc -o conftest -I. -I/usr/lib/ruby/1.8/i486-linux -I.  -fno-strict-aliasing -g -g -O2  -fPIC conftest.c  -L"." -L"/usr/lib" -L"/usr/lib" -L.  -rdynamic -Wl,-export-dynamic     -lruby1.8-static -lnsl  -lpthread -ldl -lcrypt -lm   -lc"
conftest.c: In function ‘t’:
conftest.c:3: error: ‘gethostbyname’ undeclared (first use in this function)
conftest.c:3: error: (Each undeclared identifier is reported only once
conftest.c:3: error: for each function it appears in.)
checked program was:
/* begin */
1: /*top*/
2: int main() { return 0; }
3: int t() { void ((*volatile p)()); p = (void ((*)()))gethostbyname; return 0; }
/* end */

"cc -o conftest -I. -I/usr/lib/ruby/1.8/i486-linux -I.  -fno-strict-aliasing -g -g -O2  -fPIC conftest.c  -L"." -L"/usr/lib" -L"/usr/lib" -L.  -rdynamic -Wl,-export-dynamic     -lruby1.8-static -lnsl  -lpthread -ldl -lcrypt -lm   -lc"
checked program was:
/* begin */
1: /*top*/
2: int main() { return 0; }
3: int t() { gethostbyname(); return 0; }
/* end */

--------------------

have_library: checking for inflate() in -lz... -------------------- yes

"cc -o conftest -I. -I/usr/lib/ruby/1.8/i486-linux -I.  -fno-strict-aliasing -g -g -O2  -fPIC conftest.c  -L"." -L"/usr/lib" -L"/usr/lib" -L.  -rdynamic -Wl,-export-dynamic    -lnsl  -lruby1.8-static -lz -lnsl  -lpthread -ldl -lcrypt -lm   -lc"
conftest.c: In function ‘t’:
conftest.c:3: error: ‘inflate’ undeclared (first use in this function)
conftest.c:3: error: (Each undeclared identifier is reported only once
conftest.c:3: error: for each function it appears in.)
checked program was:
/* begin */
1: /*top*/
2: int main() { return 0; }
3: int t() { void ((*volatile p)()); p = (void ((*)()))inflate; return 0; }
/* end */

"cc -o conftest -I. -I/usr/lib/ruby/1.8/i486-linux -I.  -fno-strict-aliasing -g -g -O2  -fPIC conftest.c  -L"." -L"/usr/lib" -L"/usr/lib" -L.  -rdynamic -Wl,-export-dynamic    -lnsl  -lruby1.8-static -lz -lnsl  -lpthread -ldl -lcrypt -lm   -lc"
checked program was:
/* begin */
1: /*top*/
2: int main() { return 0; }
3: int t() { inflate(); return 0; }
/* end */

--------------------

have_library: checking for iconv_open() in -liconv... -------------------- no

"cc -o conftest -I. -I/usr/lib/ruby/1.8/i486-linux -I.  -fno-strict-aliasing -g -g -O2  -fPIC conftest.c  -L"." -L"/usr/lib" -L"/usr/lib" -L.  -rdynamic -Wl,-export-dynamic    -lz -lnsl  -lruby1.8-static -liconv -lz -lnsl  -lpthread -ldl -lcrypt -lm   -lc"
conftest.c: In function ‘t’:
conftest.c:3: error: ‘iconv_open’ undeclared (first use in this function)
conftest.c:3: error: (Each undeclared identifier is reported only once
conftest.c:3: error: for each function it appears in.)
checked program was:
/* begin */
1: /*top*/
2: int main() { return 0; }
3: int t() { void ((*volatile p)()); p = (void ((*)()))iconv_open; return 0; }
/* end */

"cc -o conftest -I. -I/usr/lib/ruby/1.8/i486-linux -I.  -fno-strict-aliasing -g -g -O2  -fPIC conftest.c  -L"." -L"/usr/lib" -L"/usr/lib" -L.  -rdynamic -Wl,-export-dynamic    -lz -lnsl  -lruby1.8-static -liconv -lz -lnsl  -lpthread -ldl -lcrypt -lm   -lc"
/usr/bin/ld: cannot find -liconv
collect2: ld returned 1 exit status
checked program was:
/* begin */
1: /*top*/
2: int main() { return 0; }
3: int t() { iconv_open(); return 0; }
/* end */

--------------------

have_library: checking for iconv_open() in -lc... -------------------- yes

"cc -o conftest -I. -I/usr/lib/ruby/1.8/i486-linux -I.  -fno-strict-aliasing -g -g -O2  -fPIC conftest.c  -L"." -L"/usr/lib" -L"/usr/lib" -L.  -rdynamic -Wl,-export-dynamic    -lz -lnsl  -lruby1.8-static -lc -lz -lnsl  -lpthread -ldl -lcrypt -lm   -lc"
conftest.c: In function ‘t’:
conftest.c:3: error: ‘iconv_open’ undeclared (first use in this function)
conftest.c:3: error: (Each undeclared identifier is reported only once
conftest.c:3: error: for each function it appears in.)
checked program was:
/* begin */
1: /*top*/
2: int main() { return 0; }
3: int t() { void ((*volatile p)()); p = (void ((*)()))iconv_open; return 0; }
/* end */

"cc -o conftest -I. -I/usr/lib/ruby/1.8/i486-linux -I.  -fno-strict-aliasing -g -g -O2  -fPIC conftest.c  -L"." -L"/usr/lib" -L"/usr/lib" -L.  -rdynamic -Wl,-export-dynamic    -lz -lnsl  -lruby1.8-static -lc -lz -lnsl  -lpthread -ldl -lcrypt -lm   -lc"
checked program was:
/* begin */
1: /*top*/
2: int main() { return 0; }
3: int t() { iconv_open(); return 0; }
/* end */

--------------------

have_library: checking for xmlParseDoc() in -lxml2... -------------------- yes

"cc -o conftest -I. -I/usr/lib/ruby/1.8/i486-linux -I.  -fno-strict-aliasing -g -g -O2  -fPIC conftest.c  -L"." -L"/usr/lib" -L"/usr/lib" -L.  -rdynamic -Wl,-export-dynamic    -lc -lz -lnsl  -lruby1.8-static -lxml2 -lc -lz -lnsl  -lpthread -ldl -lcrypt -lm   -lc"
conftest.c: In function ‘t’:
conftest.c:3: error: ‘xmlParseDoc’ undeclared (first use in this function)
conftest.c:3: error: (Each undeclared identifier is reported only once
conftest.c:3: error: for each function it appears in.)
checked program was:
/* begin */
1: /*top*/
2: int main() { return 0; }
3: int t() { void ((*volatile p)()); p = (void ((*)()))xmlParseDoc; return 0; }
/* end */

"cc -o conftest -I. -I/usr/lib/ruby/1.8/i486-linux -I.  -fno-strict-aliasing -g -g -O2  -fPIC conftest.c  -L"." -L"/usr/lib" -L"/usr/lib" -L.  -rdynamic -Wl,-export-dynamic    -lc -lz -lnsl  -lruby1.8-static -lxml2 -lc -lz -lnsl  -lpthread -ldl -lcrypt -lm   -lc"
checked program was:
/* begin */
1: /*top*/
2: int main() { return 0; }
3: int t() { xmlParseDoc(); return 0; }
/* end */

--------------------

have_library: checking for xmlDocFormatDump() in -lxml2... -------------------- yes

"cc -o conftest -I. -I/usr/lib/ruby/1.8/i486-linux -I.  -fno-strict-aliasing -g -g -O2  -fPIC conftest.c  -L"." -L"/usr/lib" -L"/usr/lib" -L.  -rdynamic -Wl,-export-dynamic    -lxml2 -lc -lz -lnsl  -lruby1.8-static -lxml2 -lxml2 -lc -lz -lnsl  -lpthread -ldl -lcrypt -lm   -lc"
conftest.c: In function ‘t’:
conftest.c:3: error: ‘xmlDocFormatDump’ undeclared (first use in this function)
conftest.c:3: error: (Each undeclared identifier is reported only once
conftest.c:3: error: for each function it appears in.)
checked program was:
/* begin */
1: /*top*/
2: int main() { return 0; }
3: int t() { void ((*volatile p)()); p = (void ((*)()))xmlDocFormatDump; return 0; }
/* end */

"cc -o conftest -I. -I/usr/lib/ruby/1.8/i486-linux -I.  -fno-strict-aliasing -g -g -O2  -fPIC conftest.c  -L"." -L"/usr/lib" -L"/usr/lib" -L.  -rdynamic -Wl,-export-dynamic    -lxml2 -lc -lz -lnsl  -lruby1.8-static -lxml2 -lxml2 -lc -lz -lnsl  -lpthread -ldl -lcrypt -lm   -lc"
checked program was:
/* begin */
1: /*top*/
2: int main() { return 0; }
3: int t() { xmlDocFormatDump(); return 0; }
/* end */

--------------------

have_func: checking for docbCreateFileParserCtxt()... -------------------- yes

"cc -o conftest -I. -I/usr/lib/ruby/1.8/i486-linux -I.  -fno-strict-aliasing -g -g -O2  -fPIC conftest.c  -L"." -L"/usr/lib" -L"/usr/lib" -L.  -rdynamic -Wl,-export-dynamic    -lxml2 -lxml2 -lc -lz -lnsl  -lruby1.8-static -lxml2 -lxml2 -lc -lz -lnsl  -lpthread -ldl -lcrypt -lm   -lc"
conftest.c: In function ‘t’:
conftest.c:3: error: ‘docbCreateFileParserCtxt’ undeclared (first use in this function)
conftest.c:3: error: (Each undeclared identifier is reported only once
conftest.c:3: error: for each function it appears in.)
checked program was:
/* begin */
1: /*top*/
2: int main() { return 0; }
3: int t() { void ((*volatile p)()); p = (void ((*)()))docbCreateFileParserCtxt; return 0; }
/* end */

"cc -o conftest -I. -I/usr/lib/ruby/1.8/i486-linux -I.  -fno-strict-aliasing -g -g -O2  -fPIC conftest.c  -L"." -L"/usr/lib" -L"/usr/lib" -L.  -rdynamic -Wl,-export-dynamic    -lxml2 -lxml2 -lc -lz -lnsl  -lruby1.8-static -lxml2 -lxml2 -lc -lz -lnsl  -lpthread -ldl -lcrypt -lm   -lc"
checked program was:
/* begin */
1: /*top*/
2: int main() { return 0; }
3: int t() { docbCreateFileParserCtxt(); return 0; }
/* end */

--------------------

